[Sat 17 Sep 2022 11:28:16 SAST - v1.0.0-dev-325c2ef] IOT Add Domain Started
[Sat 17 Sep 2022 11:29:23 SAST - v1.0.0-dev-325c2ef] IOT Add Domain Started
[Sat 17 Sep 2022 11:29:58 SAST - v1.0.0-dev-325c2ef] IOT Add Domain Started
[Sat 17 Sep 2022 11:30:20 SAST - v1.0.0-dev-325c2ef] IOT Add Domain Started
[Sat 17 Sep 2022 11:31:24 SAST - v1.0.0-dev-325c2ef] IOT Add Domain Started
[Sat 17 Sep 2022 11:32:56 SAST - v1.0.0-dev-325c2ef] IOT Add Domain Started
[Sat 17 Sep 2022 11:34:49 SAST - v1.0.0-dev-325c2ef] IOT Add Domain Started
[Sat 17 Sep 2022 11:35:41 SAST - v1.0.0-dev-325c2ef] iot-add-domain started
[Sat 17 Sep 2022 11:36:20 SAST - v1.0.0-dev-325c2ef] iot-add-domain started
[Sat 17 Sep 2022 11:37:27 SAST - v1.0.0-dev-325c2ef] iot-add-domain started
[Sat 17 Sep 2022 11:37:42 SAST - v1.0.0-dev-325c2ef] iot-add-domain started
[Sat 17 Sep 2022 11:38:02 SAST - v1.0.0-dev-325c2ef] iot-add-domain started
[Sat 17 Sep 2022 14:18:14 SAST - v1.0.0-dev-c7737c7] iot-add-domain started
[Sat 17 Sep 2022 14:18:18 SAST - v1.0.0-dev-c7737c7] iot-add-domain started
[Sat 17 Sep 2022 14:28:33 SAST - v1.0.0-dev-c7737c7] iot-add-domain started
[Sat 17 Sep 2022 14:28:36 SAST - v1.0.0-dev-c7737c7] iot-add-domain started
[Sat 17 Sep 2022 14:28:45 SAST - v1.0.0-dev-c7737c7] iot-add-domain started
[Sat 17 Sep 2022 14:40:12 SAST - v1.0.0-dev-c7737c7] iot-add-domain started
[Sat 17 Sep 2022 14:40:36 SAST - v1.0.0-dev-c7737c7] iot-add-domain started
[Sat 17 Sep 2022 14:41:41 SAST - v1.0.0-dev-c7737c7] iot-add-domain started
[Sat 17 Sep 2022 14:42:20 SAST - v1.0.0-dev-c7737c7] iot-add-domain started
[Sat 17 Sep 2022 14:42:54 SAST - v1.0.0-dev-c7737c7] iot-add-domain started
[Sat 17 Sep 2022 14:43:54 SAST - v1.0.0-dev-c7737c7] iot-add-domain started
[Sat 17 Sep 2022 15:22:39 SAST - v1.0.0-dev-c7737c7] iot-add-domain started
[Sat 17 Sep 2022 15:22:48 SAST - v1.0.0-dev-c7737c7] iot-add-domain started
[Sat 17 Sep 2022 15:23:27 SAST - v1.0.0-dev-c7737c7] iot-add-domain started
[Sat 17 Sep 2022 15:33:08 SAST - v1.0.0-dev-c7737c7] iot-add-domain started
[Sat 17 Sep 2022 15:34:21 SAST - v1.0.0-dev-c7737c7] iot-add-domain started
[Sat 17 Sep 2022 15:36:48 SAST - v1.0.0-dev-c7737c7] iot-add-domain started
[Sat 17 Sep 2022 15:40:21 SAST - v1.0.0-dev-c7737c7] iot-add-domain started
[Sat 17 Sep 2022 15:42:02 SAST - v1.0.0-dev-c7737c7] iot-add-domain started
[Sat 17 Sep 2022 15:42:30 SAST - v1.0.0-dev-c7737c7] iot-add-domain started
[Sat 17 Sep 2022 15:43:00 SAST - v1.0.0-dev-c7737c7] iot-add-domain started
[Sat 17 Sep 2022 15:46:57 SAST - v1.0.0-dev-c7737c7] iot-add-domain started
[Sat 17 Sep 2022 15:51:23 SAST - v1.0.0-dev-c7737c7] Started
[Sat 17 Sep 2022 15:51:28 SAST - v1.0.0-dev-c7737c7] Common Setup OK
[Sat 17 Sep 2022 15:51:28 SAST - v1.0.0-dev-c7737c7] Admin OK
[Sat 17 Sep 2022 15:52:06 SAST - v1.0.0-dev-c7737c7] Confirmation granted
[Sat 17 Sep 2022 15:54:47 SAST - v1.0.0-dev-c7737c7] Started
[Sat 17 Sep 2022 15:54:52 SAST - v1.0.0-dev-c7737c7] Common Setup OK
[Sat 17 Sep 2022 15:54:52 SAST - v1.0.0-dev-c7737c7] Admin OK
[Sat 17 Sep 2022 15:54:53 SAST - v1.0.0-dev-c7737c7] Confirmation granted
[Sat 17 Sep 2022 16:05:47 SAST - v1.0.0-dev-c7737c7] Started
[Sat 17 Sep 2022 16:05:52 SAST - v1.0.0-dev-c7737c7] Common Setup OK
[Sat 17 Sep 2022 16:05:52 SAST - v1.0.0-dev-c7737c7] Admin OK
[Sat 17 Sep 2022 16:05:54 SAST - v1.0.0-dev-c7737c7] Confirmation granted
[Sat 17 Sep 2022 16:06:15 SAST - v1.0.0-dev-c7737c7] Started
[Sat 17 Sep 2022 16:06:21 SAST - v1.0.0-dev-c7737c7] Common Setup OK
[Sat 17 Sep 2022 16:06:21 SAST - v1.0.0-dev-c7737c7] Admin OK
[Sat 17 Sep 2022 16:06:23 SAST - v1.0.0-dev-c7737c7] Confirmation granted
[Sat 17 Sep 2022 16:07:35 SAST - v1.0.0-dev-c7737c7] Started
[Sat 17 Sep 2022 16:07:41 SAST - v1.0.0-dev-c7737c7] Common Setup OK
[Sat 17 Sep 2022 16:07:41 SAST - v1.0.0-dev-c7737c7] Admin OK
[Sat 17 Sep 2022 16:07:42 SAST - v1.0.0-dev-c7737c7] Confirmation granted
[Sat 17 Sep 2022 16:08:35 SAST - v1.0.0-dev-c7737c7] Started
[Sat 17 Sep 2022 16:08:40 SAST - v1.0.0-dev-c7737c7] Common Setup OK
[Sat 17 Sep 2022 16:08:40 SAST - v1.0.0-dev-c7737c7] Admin OK
[Sat 17 Sep 2022 16:08:42 SAST - v1.0.0-dev-c7737c7] Confirmation granted
[Sun 18 Sep 2022 09:26:39 SAST - v1.0.0-dev-abbb84c] Started
[Sun 18 Sep 2022 09:26:45 SAST - v1.0.0-dev-abbb84c] Common Setup OK
[Sun 18 Sep 2022 09:26:45 SAST - v1.0.0-dev-abbb84c] Admin OK
[Sun 18 Sep 2022 09:27:11 SAST - v1.0.0-dev-abbb84c] Confirmation granted
[Sun 18 Sep 2022 09:27:14 SAST - v1.0.0-dev-abbb84c] Creating Customer ID
[Sun 18 Sep 2022 09:28:26 SAST - v1.0.0-dev-abbb84c] Started
[Sun 18 Sep 2022 09:28:32 SAST - v1.0.0-dev-abbb84c] Common Setup OK
[Sun 18 Sep 2022 09:28:32 SAST - v1.0.0-dev-abbb84c] Admin OK
[Sun 18 Sep 2022 09:29:08 SAST - v1.0.0-dev-abbb84c] Started
[Sun 18 Sep 2022 09:29:14 SAST - v1.0.0-dev-abbb84c] Common Setup OK
[Sun 18 Sep 2022 09:29:14 SAST - v1.0.0-dev-abbb84c] Admin OK
[Sun 18 Sep 2022 09:29:19 SAST - v1.0.0-dev-abbb84c] Confirmation granted
[Sun 18 Sep 2022 09:29:38 SAST - v1.0.0-dev-abbb84c] Selecting Customer ID
[Sun 18 Sep 2022 09:32:35 SAST - v1.0.0-dev-abbb84c] Started
[Sun 18 Sep 2022 09:32:40 SAST - v1.0.0-dev-abbb84c] Common Setup OK
[Sun 18 Sep 2022 09:32:40 SAST - v1.0.0-dev-abbb84c] Admin OK
[Sun 18 Sep 2022 09:32:42 SAST - v1.0.0-dev-abbb84c] Confirmation granted
[Sun 18 Sep 2022 09:32:44 SAST - v1.0.0-dev-abbb84c] Selecting Customer ID
[Sun 18 Sep 2022 09:34:22 SAST - v1.0.0-dev-abbb84c] Started
[Sun 18 Sep 2022 09:34:28 SAST - v1.0.0-dev-abbb84c] Common Setup OK
[Sun 18 Sep 2022 09:34:28 SAST - v1.0.0-dev-abbb84c] Admin OK
[Sun 18 Sep 2022 09:34:29 SAST - v1.0.0-dev-abbb84c] Confirmation granted
[Sun 18 Sep 2022 09:34:30 SAST - v1.0.0-dev-abbb84c] Selecting Customer ID
[Sun 18 Sep 2022 09:37:35 SAST - v1.0.0-dev-abbb84c] Started
[Sun 18 Sep 2022 09:37:40 SAST - v1.0.0-dev-abbb84c] Common Setup OK
[Sun 18 Sep 2022 09:37:40 SAST - v1.0.0-dev-abbb84c] Admin OK
[Sun 18 Sep 2022 09:37:42 SAST - v1.0.0-dev-abbb84c] Confirmation granted
[Sun 18 Sep 2022 09:37:44 SAST - v1.0.0-dev-abbb84c] Selecting Customer ID
[Sun 18 Sep 2022 09:39:26 SAST - v1.0.0-dev-abbb84c] Started
[Sun 18 Sep 2022 09:39:32 SAST - v1.0.0-dev-abbb84c] Common Setup OK
[Sun 18 Sep 2022 09:39:32 SAST - v1.0.0-dev-abbb84c] Admin OK
[Sun 18 Sep 2022 09:39:33 SAST - v1.0.0-dev-abbb84c] Confirmation granted
[Sun 18 Sep 2022 09:39:35 SAST - v1.0.0-dev-abbb84c] Selecting Customer ID
[Sun 18 Sep 2022 09:49:21 SAST - v1.0.0-dev-abbb84c] Started
[Sun 18 Sep 2022 09:49:27 SAST - v1.0.0-dev-abbb84c] Common Setup OK
[Sun 18 Sep 2022 09:49:27 SAST - v1.0.0-dev-abbb84c] Admin OK
[Sun 18 Sep 2022 09:49:29 SAST - v1.0.0-dev-abbb84c] Confirmation granted
[Sun 18 Sep 2022 09:49:33 SAST - v1.0.0-dev-abbb84c] Selecting Customer ID
[Sun 18 Sep 2022 09:50:01 SAST - v1.0.0-dev-abbb84c] Selecting Site ID
[Sun 18 Sep 2022 09:57:55 SAST - v1.0.0-dev-abbb84c] Started
[Sun 18 Sep 2022 09:58:00 SAST - v1.0.0-dev-abbb84c] Common Setup OK
[Sun 18 Sep 2022 09:58:00 SAST - v1.0.0-dev-abbb84c] Admin OK
[Sun 18 Sep 2022 09:58:02 SAST - v1.0.0-dev-abbb84c] Confirmation granted
[Sun 18 Sep 2022 09:58:04 SAST - v1.0.0-dev-abbb84c] Selecting Customer ID
[Sun 18 Sep 2022 09:58:10 SAST - v1.0.0-dev-abbb84c] Selecting Site ID
[Sun 18 Sep 2022 09:58:33 SAST - v1.0.0-dev-abbb84c] Adding or Resetting Customer ID: cust-group-9, Site ID: site-default
